2020-07-18 14:54:24,120 [INFO ] [main            ] [rg.hibernate.Version] (Version.java:46) - HHH000412: Hibernate Core {5.3.7.Final}
2020-07-18 14:54:24,123 [INFO ] [main            ] [nate.cfg.Environment] (Environment.java:213) - HHH000206: hibernate.properties not found
2020-07-18 14:54:24,523 [INFO ] [main            ] [tions.common.Version] (JavaReflectionManager.java:49) - HCANN000001: Hibernate Commons Annotations {5.0.4.Final}
2020-07-18 14:54:24,635 [DEBUG] [main            ] [pe.BasicTypeRegistry] (BasicTypeRegistry.java:156) - Adding type registration boolean -> org.hibernate.type.BooleanType@3a62c01e
2020-07-18 14:54:24,635 [DEBUG] [main            ] [pe.BasicTypeRegistry] (BasicTypeRegistry.java:156) - Adding type registration boolean -> org.hibernate.type.BooleanType@3a62c01e
2020-07-18 14:54:24,635 [DEBUG] [main            ] [pe.BasicTypeRegistry] (BasicTypeRegistry.java:156) - Adding type registration java.lang.Boolean -> org.hibernate.type.BooleanType@3a62c01e
2020-07-18 14:54:24,636 [DEBUG] [main            ] [pe.BasicTypeRegistry] (BasicTypeRegistry.java:156) - Adding type registration numeric_boolean -> org.hibernate.type.NumericBooleanType@546ccad7
2020-07-18 14:54:24,637 [DEBUG] [main            ] [pe.BasicTypeRegistry] (BasicTypeRegistry.java:156) - Adding type registration true_false -> org.hibernate.type.TrueFalseType@485a3466
2020-07-18 14:54:24,640 [DEBUG] [main            ] [pe.BasicTypeRegistry] (BasicTypeRegistry.java:156) - Adding type registration yes_no -> org.hibernate.type.YesNoType@5b04476e
2020-07-18 14:54:24,642 [DEBUG] [main            ] [pe.BasicTypeRegistry] (BasicTypeRegistry.java:156) - Adding type registration byte -> org.hibernate.type.ByteType@3f363cf5
2020-07-18 14:54:24,642 [DEBUG] [main            ] [pe.BasicTypeRegistry] (BasicTypeRegistry.java:156) - Adding type registration byte -> org.hibernate.type.ByteType@3f363cf5
2020-07-18 14:54:24,642 [DEBUG] [main            ] [pe.BasicTypeRegistry] (BasicTypeRegistry.java:156) - Adding type registration java.lang.Byte -> org.hibernate.type.ByteType@3f363cf5
2020-07-18 14:54:24,643 [DEBUG] [main            ] [pe.BasicTypeRegistry] (BasicTypeRegistry.java:156) - Adding type registration character -> org.hibernate.type.CharacterType@2453f95d
2020-07-18 14:54:24,644 [DEBUG] [main            ] [pe.BasicTypeRegistry] (BasicTypeRegistry.java:156) - Adding type registration char -> org.hibernate.type.CharacterType@2453f95d
2020-07-18 14:54:24,644 [DEBUG] [main            ] [pe.BasicTypeRegistry] (BasicTypeRegistry.java:156) - Adding type registration java.lang.Character -> org.hibernate.type.CharacterType@2453f95d
2020-07-18 14:54:24,645 [DEBUG] [main            ] [pe.BasicTypeRegistry] (BasicTypeRegistry.java:156) - Adding type registration short -> org.hibernate.type.ShortType@4f071df8
2020-07-18 14:54:24,646 [DEBUG] [main            ] [pe.BasicTypeRegistry] (BasicTypeRegistry.java:156) - Adding type registration short -> org.hibernate.type.ShortType@4f071df8
2020-07-18 14:54:24,646 [DEBUG] [main            ] [pe.BasicTypeRegistry] (BasicTypeRegistry.java:156) - Adding type registration java.lang.Short -> org.hibernate.type.ShortType@4f071df8
2020-07-18 14:54:24,652 [DEBUG] [main            ] [pe.BasicTypeRegistry] (BasicTypeRegistry.java:156) - Adding type registration integer -> org.hibernate.type.IntegerType@269f4bad
2020-07-18 14:54:24,652 [DEBUG] [main            ] [pe.BasicTypeRegistry] (BasicTypeRegistry.java:156) - Adding type registration int -> org.hibernate.type.IntegerType@269f4bad
2020-07-18 14:54:24,652 [DEBUG] [main            ] [pe.BasicTypeRegistry] (BasicTypeRegistry.java:156) - Adding type registration java.lang.Integer -> org.hibernate.type.IntegerType@269f4bad
2020-07-18 14:54:24,654 [DEBUG] [main            ] [pe.BasicTypeRegistry] (BasicTypeRegistry.java:156) - Adding type registration long -> org.hibernate.type.LongType@26a4842b
2020-07-18 14:54:24,654 [DEBUG] [main            ] [pe.BasicTypeRegistry] (BasicTypeRegistry.java:156) - Adding type registration long -> org.hibernate.type.LongType@26a4842b
2020-07-18 14:54:24,655 [DEBUG] [main            ] [pe.BasicTypeRegistry] (BasicTypeRegistry.java:156) - Adding type registration java.lang.Long -> org.hibernate.type.LongType@26a4842b
2020-07-18 14:54:24,656 [DEBUG] [main            ] [pe.BasicTypeRegistry] (BasicTypeRegistry.java:156) - Adding type registration float -> org.hibernate.type.FloatType@78fb9a67
2020-07-18 14:54:24,656 [DEBUG] [main            ] [pe.BasicTypeRegistry] (BasicTypeRegistry.java:156) - Adding type registration float -> org.hibernate.type.FloatType@78fb9a67
2020-07-18 14:54:24,656 [DEBUG] [main            ] [pe.BasicTypeRegistry] (BasicTypeRegistry.java:156) - Adding type registration java.lang.Float -> org.hibernate.type.FloatType@78fb9a67
2020-07-18 14:54:24,658 [DEBUG] [main            ] [pe.BasicTypeRegistry] (BasicTypeRegistry.java:156) - Adding type registration double -> org.hibernate.type.DoubleType@6b5894c8
2020-07-18 14:54:24,659 [DEBUG] [main            ] [pe.BasicTypeRegistry] (BasicTypeRegistry.java:156) - Adding type registration double -> org.hibernate.type.DoubleType@6b5894c8
2020-07-18 14:54:24,659 [DEBUG] [main            ] [pe.BasicTypeRegistry] (BasicTypeRegistry.java:156) - Adding type registration java.lang.Double -> org.hibernate.type.DoubleType@6b5894c8
2020-07-18 14:54:24,660 [DEBUG] [main            ] [pe.BasicTypeRegistry] (BasicTypeRegistry.java:156) - Adding type registration big_decimal -> org.hibernate.type.BigDecimalType@72445aba
2020-07-18 14:54:24,660 [DEBUG] [main            ] [pe.BasicTypeRegistry] (BasicTypeRegistry.java:156) - Adding type registration java.math.BigDecimal -> org.hibernate.type.BigDecimalType@72445aba
2020-07-18 14:54:24,661 [DEBUG] [main            ] [pe.BasicTypeRegistry] (BasicTypeRegistry.java:156) - Adding type registration big_integer -> org.hibernate.type.BigIntegerType@56276db8
2020-07-18 14:54:24,661 [DEBUG] [main            ] [pe.BasicTypeRegistry] (BasicTypeRegistry.java:156) - Adding type registration java.math.BigInteger -> org.hibernate.type.BigIntegerType@56276db8
2020-07-18 14:54:24,662 [DEBUG] [main            ] [pe.BasicTypeRegistry] (BasicTypeRegistry.java:156) - Adding type registration string -> org.hibernate.type.StringType@20b5f2ac
2020-07-18 14:54:24,663 [DEBUG] [main            ] [pe.BasicTypeRegistry] (BasicTypeRegistry.java:156) - Adding type registration java.lang.String -> org.hibernate.type.StringType@20b5f2ac
2020-07-18 14:54:24,663 [DEBUG] [main            ] [pe.BasicTypeRegistry] (BasicTypeRegistry.java:156) - Adding type registration nstring -> org.hibernate.type.StringNVarcharType@2692b61e
2020-07-18 14:54:24,664 [DEBUG] [main            ] [pe.BasicTypeRegistry] (BasicTypeRegistry.java:156) - Adding type registration ncharacter -> org.hibernate.type.CharacterNCharType@74cadd41
2020-07-18 14:54:24,665 [DEBUG] [main            ] [pe.BasicTypeRegistry] (BasicTypeRegistry.java:156) - Adding type registration url -> org.hibernate.type.UrlType@878452d
2020-07-18 14:54:24,665 [DEBUG] [main            ] [pe.BasicTypeRegistry] (BasicTypeRegistry.java:156) - Adding type registration java.net.URL -> org.hibernate.type.UrlType@878452d
2020-07-18 14:54:24,666 [DEBUG] [main            ] [pe.BasicTypeRegistry] (BasicTypeRegistry.java:156) - Adding type registration Duration -> org.hibernate.type.DurationType@6b54655f
2020-07-18 14:54:24,666 [DEBUG] [main            ] [pe.BasicTypeRegistry] (BasicTypeRegistry.java:156) - Adding type registration java.time.Duration -> org.hibernate.type.DurationType@6b54655f
2020-07-18 14:54:24,688 [DEBUG] [main            ] [pe.BasicTypeRegistry] (BasicTypeRegistry.java:156) - Adding type registration Instant -> org.hibernate.type.InstantType@42f3156d
2020-07-18 14:54:24,689 [DEBUG] [main            ] [pe.BasicTypeRegistry] (BasicTypeRegistry.java:156) - Adding type registration java.time.Instant -> org.hibernate.type.InstantType@42f3156d
2020-07-18 14:54:24,690 [DEBUG] [main            ] [pe.BasicTypeRegistry] (BasicTypeRegistry.java:156) - Adding type registration LocalDateTime -> org.hibernate.type.LocalDateTimeType@65aa6596
2020-07-18 14:54:24,690 [DEBUG] [main            ] [pe.BasicTypeRegistry] (BasicTypeRegistry.java:156) - Adding type registration java.time.LocalDateTime -> org.hibernate.type.LocalDateTimeType@65aa6596
2020-07-18 14:54:24,691 [DEBUG] [main            ] [pe.BasicTypeRegistry] (BasicTypeRegistry.java:156) - Adding type registration LocalDate -> org.hibernate.type.LocalDateType@1ce61929
2020-07-18 14:54:24,692 [DEBUG] [main            ] [pe.BasicTypeRegistry] (BasicTypeRegistry.java:156) - Adding type registration java.time.LocalDate -> org.hibernate.type.LocalDateType@1ce61929
2020-07-18 14:54:24,692 [DEBUG] [main            ] [pe.BasicTypeRegistry] (BasicTypeRegistry.java:156) - Adding type registration LocalTime -> org.hibernate.type.LocalTimeType@39dcf4b0
2020-07-18 14:54:24,693 [DEBUG] [main            ] [pe.BasicTypeRegistry] (BasicTypeRegistry.java:156) - Adding type registration java.time.LocalTime -> org.hibernate.type.LocalTimeType@39dcf4b0
2020-07-18 14:54:24,694 [DEBUG] [main            ] [pe.BasicTypeRegistry] (BasicTypeRegistry.java:156) - Adding type registration OffsetDateTime -> org.hibernate.type.OffsetDateTimeType@4c6daf0
2020-07-18 14:54:24,694 [DEBUG] [main            ] [pe.BasicTypeRegistry] (BasicTypeRegistry.java:156) - Adding type registration java.time.OffsetDateTime -> org.hibernate.type.OffsetDateTimeType@4c6daf0
2020-07-18 14:54:24,695 [DEBUG] [main            ] [pe.BasicTypeRegistry] (BasicTypeRegistry.java:156) - Adding type registration OffsetTime -> org.hibernate.type.OffsetTimeType@1cd201a8
2020-07-18 14:54:24,695 [DEBUG] [main            ] [pe.BasicTypeRegistry] (BasicTypeRegistry.java:156) - Adding type registration java.time.OffsetTime -> org.hibernate.type.OffsetTimeType@1cd201a8
2020-07-18 14:54:24,696 [DEBUG] [main            ] [pe.BasicTypeRegistry] (BasicTypeRegistry.java:156) - Adding type registration ZonedDateTime -> org.hibernate.type.ZonedDateTimeType@72a85671
2020-07-18 14:54:24,696 [DEBUG] [main            ] [pe.BasicTypeRegistry] (BasicTypeRegistry.java:156) - Adding type registration java.time.ZonedDateTime -> org.hibernate.type.ZonedDateTimeType@72a85671
2020-07-18 14:54:24,698 [DEBUG] [main            ] [pe.BasicTypeRegistry] (BasicTypeRegistry.java:156) - Adding type registration date -> org.hibernate.type.DateType@34a75079
2020-07-18 14:54:24,698 [DEBUG] [main            ] [pe.BasicTypeRegistry] (BasicTypeRegistry.java:156) - Adding type registration java.sql.Date -> org.hibernate.type.DateType@34a75079
2020-07-18 14:54:24,698 [DEBUG] [main            ] [pe.BasicTypeRegistry] (BasicTypeRegistry.java:156) - Adding type registration time -> org.hibernate.type.TimeType@132ddbab
2020-07-18 14:54:24,699 [DEBUG] [main            ] [pe.BasicTypeRegistry] (BasicTypeRegistry.java:156) - Adding type registration java.sql.Time -> org.hibernate.type.TimeType@132ddbab
2020-07-18 14:54:24,699 [DEBUG] [main            ] [pe.BasicTypeRegistry] (BasicTypeRegistry.java:156) - Adding type registration timestamp -> org.hibernate.type.TimestampType@3efe7086
2020-07-18 14:54:24,700 [DEBUG] [main            ] [pe.BasicTypeRegistry] (BasicTypeRegistry.java:156) - Adding type registration java.sql.Timestamp -> org.hibernate.type.TimestampType@3efe7086
2020-07-18 14:54:24,700 [DEBUG] [main            ] [pe.BasicTypeRegistry] (BasicTypeRegistry.java:156) - Adding type registration java.util.Date -> org.hibernate.type.TimestampType@3efe7086
2020-07-18 14:54:24,701 [DEBUG] [main            ] [pe.BasicTypeRegistry] (BasicTypeRegistry.java:156) - Adding type registration dbtimestamp -> org.hibernate.type.DbTimestampType@63648ee9
2020-07-18 14:54:24,702 [DEBUG] [main            ] [pe.BasicTypeRegistry] (BasicTypeRegistry.java:156) - Adding type registration calendar -> org.hibernate.type.CalendarType@3a320ade
2020-07-18 14:54:24,702 [DEBUG] [main            ] [pe.BasicTypeRegistry] (BasicTypeRegistry.java:156) - Adding type registration java.util.Calendar -> org.hibernate.type.CalendarType@3a320ade
2020-07-18 14:54:24,702 [DEBUG] [main            ] [pe.BasicTypeRegistry] (BasicTypeRegistry.java:156) - Adding type registration java.util.GregorianCalendar -> org.hibernate.type.CalendarType@3a320ade
2020-07-18 14:54:24,703 [DEBUG] [main            ] [pe.BasicTypeRegistry] (BasicTypeRegistry.java:156) - Adding type registration calendar_date -> org.hibernate.type.CalendarDateType@32f0fba8
2020-07-18 14:54:24,703 [DEBUG] [main            ] [pe.BasicTypeRegistry] (BasicTypeRegistry.java:156) - Adding type registration locale -> org.hibernate.type.LocaleType@61526469
2020-07-18 14:54:24,703 [DEBUG] [main            ] [pe.BasicTypeRegistry] (BasicTypeRegistry.java:156) - Adding type registration java.util.Locale -> org.hibernate.type.LocaleType@61526469
2020-07-18 14:54:24,704 [DEBUG] [main            ] [pe.BasicTypeRegistry] (BasicTypeRegistry.java:156) - Adding type registration currency -> org.hibernate.type.CurrencyType@7e985ce9
2020-07-18 14:54:24,704 [DEBUG] [main            ] [pe.BasicTypeRegistry] (BasicTypeRegistry.java:156) - Adding type registration java.util.Currency -> org.hibernate.type.CurrencyType@7e985ce9
2020-07-18 14:54:24,705 [DEBUG] [main            ] [pe.BasicTypeRegistry] (BasicTypeRegistry.java:156) - Adding type registration timezone -> org.hibernate.type.TimeZoneType@305f031
2020-07-18 14:54:24,705 [DEBUG] [main            ] [pe.BasicTypeRegistry] (BasicTypeRegistry.java:156) - Adding type registration java.util.TimeZone -> org.hibernate.type.TimeZoneType@305f031
2020-07-18 14:54:24,706 [DEBUG] [main            ] [pe.BasicTypeRegistry] (BasicTypeRegistry.java:156) - Adding type registration class -> org.hibernate.type.ClassType@1536602f
2020-07-18 14:54:24,706 [DEBUG] [main            ] [pe.BasicTypeRegistry] (BasicTypeRegistry.java:156) - Adding type registration java.lang.Class -> org.hibernate.type.ClassType@1536602f
2020-07-18 14:54:24,706 [DEBUG] [main            ] [pe.BasicTypeRegistry] (BasicTypeRegistry.java:156) - Adding type registration uuid-binary -> org.hibernate.type.UUIDBinaryType@743cb8e0
2020-07-18 14:54:24,707 [DEBUG] [main            ] [pe.BasicTypeRegistry] (BasicTypeRegistry.java:156) - Adding type registration java.util.UUID -> org.hibernate.type.UUIDBinaryType@743cb8e0
2020-07-18 14:54:24,707 [DEBUG] [main            ] [pe.BasicTypeRegistry] (BasicTypeRegistry.java:156) - Adding type registration uuid-char -> org.hibernate.type.UUIDCharType@649725e3
2020-07-18 14:54:24,708 [DEBUG] [main            ] [pe.BasicTypeRegistry] (BasicTypeRegistry.java:156) - Adding type registration binary -> org.hibernate.type.BinaryType@475835b1
2020-07-18 14:54:24,708 [DEBUG] [main            ] [pe.BasicTypeRegistry] (BasicTypeRegistry.java:156) - Adding type registration byte[] -> org.hibernate.type.BinaryType@475835b1
2020-07-18 14:54:24,708 [DEBUG] [main            ] [pe.BasicTypeRegistry] (BasicTypeRegistry.java:156) - Adding type registration [B -> org.hibernate.type.BinaryType@475835b1
2020-07-18 14:54:24,709 [DEBUG] [main            ] [pe.BasicTypeRegistry] (BasicTypeRegistry.java:156) - Adding type registration wrapper-binary -> org.hibernate.type.WrapperBinaryType@5cc126dc
2020-07-18 14:54:24,709 [DEBUG] [main            ] [pe.BasicTypeRegistry] (BasicTypeRegistry.java:156) - Adding type registration Byte[] -> org.hibernate.type.WrapperBinaryType@5cc126dc
2020-07-18 14:54:24,709 [DEBUG] [main            ] [pe.BasicTypeRegistry] (BasicTypeRegistry.java:156) - Adding type registration [Ljava.lang.Byte; -> org.hibernate.type.WrapperBinaryType@5cc126dc
2020-07-18 14:54:24,710 [DEBUG] [main            ] [pe.BasicTypeRegistry] (BasicTypeRegistry.java:156) - Adding type registration row_version -> org.hibernate.type.RowVersionType@3d08f3f5
2020-07-18 14:54:24,710 [DEBUG] [main            ] [pe.BasicTypeRegistry] (BasicTypeRegistry.java:156) - Adding type registration image -> org.hibernate.type.ImageType@7fd4acee
2020-07-18 14:54:24,711 [DEBUG] [main            ] [pe.BasicTypeRegistry] (BasicTypeRegistry.java:156) - Adding type registration characters -> org.hibernate.type.CharArrayType@76c7beb3
2020-07-18 14:54:24,711 [DEBUG] [main            ] [pe.BasicTypeRegistry] (BasicTypeRegistry.java:156) - Adding type registration char[] -> org.hibernate.type.CharArrayType@76c7beb3
2020-07-18 14:54:24,711 [DEBUG] [main            ] [pe.BasicTypeRegistry] (BasicTypeRegistry.java:156) - Adding type registration [C -> org.hibernate.type.CharArrayType@76c7beb3
2020-07-18 14:54:24,712 [DEBUG] [main            ] [pe.BasicTypeRegistry] (BasicTypeRegistry.java:156) - Adding type registration wrapper-characters -> org.hibernate.type.CharacterArrayType@5f2f577
2020-07-18 14:54:24,712 [DEBUG] [main            ] [pe.BasicTypeRegistry] (BasicTypeRegistry.java:156) - Adding type registration [Ljava.lang.Character; -> org.hibernate.type.CharacterArrayType@5f2f577
2020-07-18 14:54:24,712 [DEBUG] [main            ] [pe.BasicTypeRegistry] (BasicTypeRegistry.java:156) - Adding type registration Character[] -> org.hibernate.type.CharacterArrayType@5f2f577
2020-07-18 14:54:24,712 [DEBUG] [main            ] [pe.BasicTypeRegistry] (BasicTypeRegistry.java:156) - Adding type registration text -> org.hibernate.type.TextType@41a90fa8
2020-07-18 14:54:24,713 [DEBUG] [main            ] [pe.BasicTypeRegistry] (BasicTypeRegistry.java:156) - Adding type registration ntext -> org.hibernate.type.NTextType@18a3962d
2020-07-18 14:54:24,714 [DEBUG] [main            ] [pe.BasicTypeRegistry] (BasicTypeRegistry.java:156) - Adding type registration blob -> org.hibernate.type.BlobType@f9d87b
2020-07-18 14:54:24,714 [DEBUG] [main            ] [pe.BasicTypeRegistry] (BasicTypeRegistry.java:156) - Adding type registration java.sql.Blob -> org.hibernate.type.BlobType@f9d87b
2020-07-18 14:54:24,714 [DEBUG] [main            ] [pe.BasicTypeRegistry] (BasicTypeRegistry.java:156) - Adding type registration materialized_blob -> org.hibernate.type.MaterializedBlobType@70dd7e15
2020-07-18 14:54:24,715 [DEBUG] [main            ] [pe.BasicTypeRegistry] (BasicTypeRegistry.java:156) - Adding type registration clob -> org.hibernate.type.ClobType@63c5efee
2020-07-18 14:54:24,715 [DEBUG] [main            ] [pe.BasicTypeRegistry] (BasicTypeRegistry.java:156) - Adding type registration java.sql.Clob -> org.hibernate.type.ClobType@63c5efee
2020-07-18 14:54:24,716 [DEBUG] [main            ] [pe.BasicTypeRegistry] (BasicTypeRegistry.java:156) - Adding type registration nclob -> org.hibernate.type.NClobType@60d8c0dc
2020-07-18 14:54:24,716 [DEBUG] [main            ] [pe.BasicTypeRegistry] (BasicTypeRegistry.java:156) - Adding type registration java.sql.NClob -> org.hibernate.type.NClobType@60d8c0dc
2020-07-18 14:54:24,717 [DEBUG] [main            ] [pe.BasicTypeRegistry] (BasicTypeRegistry.java:156) - Adding type registration materialized_clob -> org.hibernate.type.MaterializedClobType@60fa3495
2020-07-18 14:54:24,717 [DEBUG] [main            ] [pe.BasicTypeRegistry] (BasicTypeRegistry.java:156) - Adding type registration materialized_nclob -> org.hibernate.type.MaterializedNClobType@1849db1a
2020-07-18 14:54:24,718 [DEBUG] [main            ] [pe.BasicTypeRegistry] (BasicTypeRegistry.java:156) - Adding type registration serializable -> org.hibernate.type.SerializableType@1d71006f
2020-07-18 14:54:24,720 [DEBUG] [main            ] [pe.BasicTypeRegistry] (BasicTypeRegistry.java:156) - Adding type registration object -> org.hibernate.type.ObjectType@60bdf15d
2020-07-18 14:54:24,720 [DEBUG] [main            ] [pe.BasicTypeRegistry] (BasicTypeRegistry.java:156) - Adding type registration java.lang.Object -> org.hibernate.type.ObjectType@60bdf15d
2020-07-18 14:54:24,720 [DEBUG] [main            ] [pe.BasicTypeRegistry] (BasicTypeRegistry.java:156) - Adding type registration imm_date -> org.hibernate.type.AdaptedImmutableType@495083a0
2020-07-18 14:54:24,720 [DEBUG] [main            ] [pe.BasicTypeRegistry] (BasicTypeRegistry.java:156) - Adding type registration imm_time -> org.hibernate.type.AdaptedImmutableType@5fd62371
2020-07-18 14:54:24,721 [DEBUG] [main            ] [pe.BasicTypeRegistry] (BasicTypeRegistry.java:156) - Adding type registration imm_timestamp -> org.hibernate.type.AdaptedImmutableType@28a0fd6c
2020-07-18 14:54:24,721 [DEBUG] [main            ] [pe.BasicTypeRegistry] (BasicTypeRegistry.java:156) - Adding type registration imm_dbtimestamp -> org.hibernate.type.AdaptedImmutableType@2b62442c
2020-07-18 14:54:24,721 [DEBUG] [main            ] [pe.BasicTypeRegistry] (BasicTypeRegistry.java:156) - Adding type registration imm_calendar -> org.hibernate.type.AdaptedImmutableType@66629f63
2020-07-18 14:54:24,721 [DEBUG] [main            ] [pe.BasicTypeRegistry] (BasicTypeRegistry.java:156) - Adding type registration imm_calendar_date -> org.hibernate.type.AdaptedImmutableType@841e575
2020-07-18 14:54:24,721 [DEBUG] [main            ] [pe.BasicTypeRegistry] (BasicTypeRegistry.java:156) - Adding type registration imm_binary -> org.hibernate.type.AdaptedImmutableType@27a5328c
2020-07-18 14:54:24,721 [DEBUG] [main            ] [pe.BasicTypeRegistry] (BasicTypeRegistry.java:156) - Adding type registration imm_serializable -> org.hibernate.type.AdaptedImmutableType@1e5f4170
2020-07-18 14:54:24,755 [WARN ] [main            ] [.connections.pooling] (DriverManagerConnectionProviderImpl.java:73) - HHH10001002: Using Hibernate built-in connection pool (not for production use!)
2020-07-18 14:54:24,766 [INFO ] [main            ] [.connections.pooling] (DriverManagerConnectionProviderImpl.java:129) - HHH10001005: using driver [com.mysql.cj.jdbc.Driver] at URL [jdbc:mysql://localhost:3306/javafx?serverTimezone=UTC]
2020-07-18 14:54:24,767 [INFO ] [main            ] [.connections.pooling] (DriverManagerConnectionProviderImpl.java:138) - HHH10001001: Connection properties: {password=****, user=root}
2020-07-18 14:54:24,767 [INFO ] [main            ] [.connections.pooling] (DriverManagerConnectionProviderImpl.java:143) - HHH10001003: Autocommit mode: false
2020-07-18 14:54:24,771 [INFO ] [main            ] [nnectionProviderImpl] (DriverManagerConnectionProviderImpl.java:281) - HHH000115: Hibernate connection pool size: 20 (min=1)
2020-07-18 14:54:25,078 [INFO ] [main            ] [nate.dialect.Dialect] (Dialect.java:157) - HHH000400: Using dialect: org.hibernate.dialect.MySQL5Dialect
2020-07-18 14:54:25,137 [DEBUG] [main            ] [eConfiguration$Scope] (TypeConfiguration.java:142) - Scoping TypeConfiguration [org.hibernate.type.spi.TypeConfiguration@5ac7aa18] to MetadataBuildingContext [org.hibernate.boot.internal.MetadataBuildingContextRootImpl@4cdd2c73]
2020-07-18 14:54:25,281 [DEBUG] [main            ] [eConfiguration$Scope] (TypeConfiguration.java:147) - Scoping TypeConfiguration [org.hibernate.type.spi.TypeConfiguration@5ac7aa18] to SessionFactoryImpl [org.hibernate.internal.SessionFactoryImpl@2bebb74f]
2020-07-18 14:54:25,538 [INFO ] [main            ] [m.connections.access] (DdlTransactionIsolatorNonJtaImpl.java:47) - HHH10001501: Connection obtained from JdbcConnectionAccess [org.hibernate.engine.jdbc.env.internal.JdbcEnvironmentInitiator$ConnectionProviderJdbcConnectionAccess@2f4b98f6] for (non-JTA) DDL execution was not in auto-commit mode; the Connection 'local transaction' will be committed and the Connection will be set into auto-commit mode.
2020-07-18 14:54:25,561 [TRACE] [main            ] [eConfiguration$Scope] (TypeConfiguration.java:195) - Handling #sessionFactoryCreated from [org.hibernate.internal.SessionFactoryImpl@2bebb74f] for TypeConfiguration
2020-07-18 14:54:25,622 [DEBUG] [main            ] [   org.hibernate.SQL] (SqlStatementLogger.java:94) - insert into employee (FIRST_NAME, LAST_NAME) values (?, ?)
2020-07-18 14:54:25,624 [TRACE] [main            ] [ptor.sql.BasicBinder] (BasicBinder.java:65) - binding parameter [1] as [VARCHAR] - [Max]
2020-07-18 14:54:25,624 [TRACE] [main            ] [ptor.sql.BasicBinder] (BasicBinder.java:65) - binding parameter [2] as [VARCHAR] - [Ok]
2020-07-18 14:54:25,643 [INFO ] [main            ] [atorFactoryInitiator] (QueryTranslatorFactoryInitiator.java:47) - HHH000397: Using ASTQueryTranslatorFactory
2020-07-18 14:54:25,696 [DEBUG] [main            ] [   org.hibernate.SQL] (SqlStatementLogger.java:94) - select employee0_.id as id1_0_, employee0_.FIRST_NAME as FIRST_NA2_0_, employee0_.LAST_NAME as LAST_NAM3_0_ from employee employee0_
2020-07-18 14:54:25,701 [TRACE] [main            ] [r.sql.BasicExtractor] (BasicExtractor.java:61) - extracted value ([id1_0_] : [INTEGER]) - [135]
2020-07-18 14:54:25,702 [TRACE] [main            ] [r.sql.BasicExtractor] (BasicExtractor.java:61) - extracted value ([FIRST_NA2_0_] : [VARCHAR]) - [Max]
2020-07-18 14:54:25,703 [TRACE] [main            ] [r.sql.BasicExtractor] (BasicExtractor.java:61) - extracted value ([LAST_NAM3_0_] : [VARCHAR]) - [Ok]
2020-07-18 14:54:25,703 [TRACE] [main            ] [r.sql.BasicExtractor] (BasicExtractor.java:61) - extracted value ([id1_0_] : [INTEGER]) - [134]
2020-07-18 14:54:25,703 [TRACE] [main            ] [r.sql.BasicExtractor] (BasicExtractor.java:61) - extracted value ([FIRST_NA2_0_] : [VARCHAR]) - [Vova]
2020-07-18 14:54:25,703 [TRACE] [main            ] [r.sql.BasicExtractor] (BasicExtractor.java:61) - extracted value ([LAST_NAM3_0_] : [VARCHAR]) - [Nik]
2020-07-18 14:54:25,703 [TRACE] [main            ] [r.sql.BasicExtractor] (BasicExtractor.java:61) - extracted value ([id1_0_] : [INTEGER]) - [133]
2020-07-18 14:54:25,704 [TRACE] [main            ] [r.sql.BasicExtractor] (BasicExtractor.java:61) - extracted value ([FIRST_NA2_0_] : [VARCHAR]) - [Vova]
2020-07-18 14:54:25,704 [TRACE] [main            ] [r.sql.BasicExtractor] (BasicExtractor.java:61) - extracted value ([LAST_NAM3_0_] : [VARCHAR]) - [Nik]
2020-07-18 14:54:25,704 [TRACE] [main            ] [r.sql.BasicExtractor] (BasicExtractor.java:61) - extracted value ([id1_0_] : [INTEGER]) - [132]
2020-07-18 14:54:25,704 [TRACE] [main            ] [r.sql.BasicExtractor] (BasicExtractor.java:61) - extracted value ([FIRST_NA2_0_] : [VARCHAR]) - [Vova]
2020-07-18 14:54:25,705 [TRACE] [main            ] [r.sql.BasicExtractor] (BasicExtractor.java:61) - extracted value ([LAST_NAM3_0_] : [VARCHAR]) - [Nik]
2020-07-18 14:54:25,705 [TRACE] [main            ] [r.sql.BasicExtractor] (BasicExtractor.java:61) - extracted value ([id1_0_] : [INTEGER]) - [131]
2020-07-18 14:54:25,705 [TRACE] [main            ] [r.sql.BasicExtractor] (BasicExtractor.java:61) - extracted value ([FIRST_NA2_0_] : [VARCHAR]) - [Vova]
2020-07-18 14:54:25,705 [TRACE] [main            ] [r.sql.BasicExtractor] (BasicExtractor.java:61) - extracted value ([LAST_NAM3_0_] : [VARCHAR]) - [Nik]
2020-07-18 14:54:25,705 [TRACE] [main            ] [r.sql.BasicExtractor] (BasicExtractor.java:61) - extracted value ([id1_0_] : [INTEGER]) - [130]
2020-07-18 14:54:25,706 [TRACE] [main            ] [r.sql.BasicExtractor] (BasicExtractor.java:61) - extracted value ([FIRST_NA2_0_] : [VARCHAR]) - [Vova]
2020-07-18 14:54:25,706 [TRACE] [main            ] [r.sql.BasicExtractor] (BasicExtractor.java:61) - extracted value ([LAST_NAM3_0_] : [VARCHAR]) - [Nik]
2020-07-18 14:54:25,706 [TRACE] [main            ] [r.sql.BasicExtractor] (BasicExtractor.java:61) - extracted value ([id1_0_] : [INTEGER]) - [129]
2020-07-18 14:54:25,706 [TRACE] [main            ] [r.sql.BasicExtractor] (BasicExtractor.java:61) - extracted value ([FIRST_NA2_0_] : [VARCHAR]) - [Vova]
2020-07-18 14:54:25,706 [TRACE] [main            ] [r.sql.BasicExtractor] (BasicExtractor.java:61) - extracted value ([LAST_NAM3_0_] : [VARCHAR]) - [Nik]
2020-07-18 14:54:25,707 [TRACE] [main            ] [r.sql.BasicExtractor] (BasicExtractor.java:61) - extracted value ([id1_0_] : [INTEGER]) - [128]
2020-07-18 14:54:25,707 [TRACE] [main            ] [r.sql.BasicExtractor] (BasicExtractor.java:61) - extracted value ([FIRST_NA2_0_] : [VARCHAR]) - [Vova]
2020-07-18 14:54:25,707 [TRACE] [main            ] [r.sql.BasicExtractor] (BasicExtractor.java:61) - extracted value ([LAST_NAM3_0_] : [VARCHAR]) - [Nik]
2020-07-18 14:54:25,707 [TRACE] [main            ] [r.sql.BasicExtractor] (BasicExtractor.java:61) - extracted value ([id1_0_] : [INTEGER]) - [127]
2020-07-18 14:54:25,707 [TRACE] [main            ] [r.sql.BasicExtractor] (BasicExtractor.java:61) - extracted value ([FIRST_NA2_0_] : [VARCHAR]) - [Vova]
2020-07-18 14:54:25,708 [TRACE] [main            ] [r.sql.BasicExtractor] (BasicExtractor.java:61) - extracted value ([LAST_NAM3_0_] : [VARCHAR]) - [Nik]
2020-07-18 14:54:25,708 [TRACE] [main            ] [r.sql.BasicExtractor] (BasicExtractor.java:61) - extracted value ([id1_0_] : [INTEGER]) - [126]
2020-07-18 14:54:25,708 [TRACE] [main            ] [r.sql.BasicExtractor] (BasicExtractor.java:61) - extracted value ([FIRST_NA2_0_] : [VARCHAR]) - [Vova]
2020-07-18 14:54:25,708 [TRACE] [main            ] [r.sql.BasicExtractor] (BasicExtractor.java:61) - extracted value ([LAST_NAM3_0_] : [VARCHAR]) - [Nik]
2020-07-18 14:54:25,713 [TRACE] [main            ] [eConfiguration$Scope] (TypeConfiguration.java:201) - Handling #sessionFactoryClosed from [org.hibernate.internal.SessionFactoryImpl@2bebb74f] for TypeConfiguration
2020-07-18 14:54:25,713 [DEBUG] [main            ] [eConfiguration$Scope] (TypeConfiguration.java:312) - Un-scoping TypeConfiguration [org.hibernate.type.spi.TypeConfiguration$Scope@5d152bcd] from SessionFactory [org.hibernate.internal.SessionFactoryImpl@2bebb74f]
2020-07-18 14:54:25,714 [INFO ] [main            ] [.connections.pooling] (DriverManagerConnectionProviderImpl.java:233) - HHH10001008: Cleaning up connection pool [jdbc:mysql://localhost:3306/javafx?serverTimezone=UTC]
